<?xml version="1.0" encoding="UTF-8"?>
<testng-results skipped="4" failed="0" total="4" passed="0">
  <reporter-output>
  </reporter-output>
  <suite name="Suite" duration-ms="640" started-at="2017-07-13T14:49:37Z" finished-at="2017-07-13T14:49:38Z">
    <groups>
    </groups>
    <test name="Test" duration-ms="640" started-at="2017-07-13T14:49:37Z" finished-at="2017-07-13T14:49:38Z">
      <class name="rhb.RhbTest">
        <test-method status="FAIL" signature="launchChrome()[pri:0, instance:rhb.RhbTest@77e9807f]" name="launchChrome" is-config="true" duration-ms="0" started-at="2017-07-13T20:19:37Z" finished-at="2017-07-13T20:19:37Z">
          <exception class="org.openqa.selenium.WebDriverException">
            <message>
              <![CDATA[ERROR running Appium command: Cannot read property 'removeAllListeners' of null
Command duration or timeout: 198 milliseconds
Build info: version: '2.48.2', revision: '41bccdd10cf2c0560f637404c2d96164b67d9d67', time: '2015-10-09 13:08:06'
System info: host: '01HW901285', ip: '10.18.11.119', os.name: 'Windows 7', os.arch: 'amd64', os.version: '6.1', java.version: '1.8.0_25'
Driver info: org.openqa.selenium.remote.RemoteWebDriver]]>
            </message>
            <full-stacktrace>
              <![CDATA[org.openqa.selenium.WebDriverException: ERROR running Appium command: Cannot read property 'removeAllListeners' of null
Command duration or timeout: 198 milliseconds
Build info: version: '2.48.2', revision: '41bccdd10cf2c0560f637404c2d96164b67d9d67', time: '2015-10-09 13:08:06'
System info: host: '01HW901285', ip: '10.18.11.119', os.name: 'Windows 7', os.arch: 'amd64', os.version: '6.1', java.version: '1.8.0_25'
Driver info: org.openqa.selenium.remote.RemoteWebDriver
	at sun.reflect.NativeConstructorAccessorImpl.newInstance0(Native Method)
	at sun.reflect.NativeConstructorAccessorImpl.newInstance(Unknown Source)
	at sun.reflect.DelegatingConstructorAccessorImpl.newInstance(Unknown Source)
	at java.lang.reflect.Constructor.newInstance(Unknown Source)
	at org.openqa.selenium.remote.ErrorHandler.createThrowable(ErrorHandler.java:206)
	at org.openqa.selenium.remote.ErrorHandler.throwIfResponseFailed(ErrorHandler.java:158)
	at org.openqa.selenium.remote.RemoteWebDriver.execute(RemoteWebDriver.java:647)
	at org.openqa.selenium.remote.RemoteWebDriver.startSession(RemoteWebDriver.java:247)
	at org.openqa.selenium.remote.RemoteWebDriver.<init>(RemoteWebDriver.java:129)
	at org.openqa.selenium.remote.RemoteWebDriver.<init>(RemoteWebDriver.java:156)
	at rhb.RhbTest.launchChrome(RhbTest.java:35)
	at sun.reflect.NativeMethodAccessorImpl.invoke0(Native Method)
	at sun.reflect.NativeMethodAccessorImpl.invoke(Unknown Source)
	at sun.reflect.DelegatingMethodAccessorImpl.invoke(Unknown Source)
	at java.lang.reflect.Method.invoke(Unknown Source)
	at org.testng.internal.MethodInvocationHelper.invokeMethod(MethodInvocationHelper.java:84)
	at org.testng.internal.Invoker.invokeConfigurationMethod(Invoker.java:564)
	at org.testng.internal.Invoker.invokeConfigurations(Invoker.java:213)
	at org.testng.internal.Invoker.invokeConfigurations(Invoker.java:138)
	at org.testng.internal.TestMethodWorker.invokeBeforeClassMethods(TestMethodWorker.java:175)
	at org.testng.internal.TestMethodWorker.run(TestMethodWorker.java:107)
	at org.testng.TestRunner.privateRun(TestRunner.java:767)
	at org.testng.TestRunner.run(TestRunner.java:617)
	at org.testng.SuiteRunner.runTest(SuiteRunner.java:348)
	at org.testng.SuiteRunner.runSequentially(SuiteRunner.java:343)
	at org.testng.SuiteRunner.privateRun(SuiteRunner.java:305)
	at org.testng.SuiteRunner.run(SuiteRunner.java:254)
	at org.testng.SuiteRunnerWorker.runSuite(SuiteRunnerWorker.java:52)
	at org.testng.SuiteRunnerWorker.run(SuiteRunnerWorker.java:86)
	at org.testng.TestNG.runSuitesSequentially(TestNG.java:1224)
	at org.testng.TestNG.runSuitesLocally(TestNG.java:1149)
	at org.testng.TestNG.run(TestNG.java:1057)
	at org.testng.remote.AbstractRemoteTestNG.run(AbstractRemoteTestNG.java:132)
	at org.testng.remote.RemoteTestNG.initAndRun(RemoteTestNG.java:230)
	at org.testng.remote.RemoteTestNG.main(RemoteTestNG.java:76)
]]>
            </full-stacktrace>
          </exception> <!-- org.openqa.selenium.WebDriverException -->
          <reporter-output>
          </reporter-output>
        </test-method> <!-- launchChrome -->
        <test-method status="SKIP" signature="launchApplication()[pri:0, instance:rhb.RhbTest@77e9807f]" name="launchApplication" duration-ms="11" started-at="2017-07-13T20:19:38Z" finished-at="2017-07-13T20:19:38Z">
          <reporter-output>
          </reporter-output>
        </test-method> <!-- launchApplication -->
        <test-method status="SKIP" signature="homeLoanCalculator()[pri:0, instance:rhb.RhbTest@77e9807f]" name="homeLoanCalculator" duration-ms="3" started-at="2017-07-13T20:19:38Z" finished-at="2017-07-13T20:19:38Z">
          <reporter-output>
          </reporter-output>
        </test-method> <!-- homeLoanCalculator -->
        <test-method status="SKIP" signature="homeAffordabilityCalculator()[pri:0, instance:rhb.RhbTest@77e9807f]" name="homeAffordabilityCalculator" duration-ms="3" started-at="2017-07-13T20:19:38Z" finished-at="2017-07-13T20:19:38Z">
          <reporter-output>
          </reporter-output>
        </test-method> <!-- homeAffordabilityCalculator -->
        <test-method status="SKIP" signature="investment()[pri:0, instance:rhb.RhbTest@77e9807f]" name="investment" duration-ms="2" started-at="2017-07-13T20:19:38Z" finished-at="2017-07-13T20:19:38Z">
          <reporter-output>
          </reporter-output>
        </test-method> <!-- investment -->
      </class> <!-- rhb.RhbTest -->
    </test> <!-- Test -->
  </suite> <!-- Suite -->
</testng-results>
